2023-04-22T18:23:49.789-05:00  INFO 11288 --- [main] com.example.REST.RestApplication         : Starting RestApplication using Java 17.0.5 with PID 11288 (D:\Projects\Personal Projects\REST-Spring-Boot\target\classes started by DELL in D:\Projects\Personal Projects\REST-Spring-Boot)
2023-04-22T18:23:49.793-05:00  INFO 11288 --- [main] com.example.REST.RestApplication         : No active profile set, falling back to 1 default profile: "default"
2023-04-22T18:23:50.719-05:00  INFO 11288 --- [main] .s.d.r.c.RepositoryConfigurationDelegate : Bootstrapping Spring Data MongoDB repositories in DEFAULT mode.
2023-04-22T18:23:50.778-05:00  INFO 11288 --- [main] .s.d.r.c.RepositoryConfigurationDelegate : Finished Spring Data repository scanning in 54 ms. Found 1 MongoDB repository interfaces.
2023-04-22T18:23:51.392-05:00  INFO 11288 --- [main] o.s.b.w.embedded.tomcat.TomcatWebServer  : Tomcat initialized with port(s): 8080 (http)
2023-04-22T18:23:51.415-05:00  INFO 11288 --- [main] o.apache.catalina.core.StandardService   : Starting service [Tomcat]
2023-04-22T18:23:51.415-05:00  INFO 11288 --- [main] o.apache.catalina.core.StandardEngine    : Starting Servlet engine: [Apache Tomcat/10.1.8]
2023-04-22T18:23:51.585-05:00  INFO 11288 --- [main] o.a.c.c.C.[Tomcat].[localhost].[/]       : Initializing Spring embedded WebApplicationContext
2023-04-22T18:23:51.586-05:00  INFO 11288 --- [main] w.s.c.ServletWebServerApplicationContext : Root WebApplicationContext: initialization completed in 1726 ms
2023-04-22T18:23:52.038-05:00  INFO 11288 --- [main] org.mongodb.driver.client                : MongoClient with metadata {"driver": {"name": "mongo-java-driver|sync|spring-boot", "version": "4.8.2"}, "os": {"type": "Windows", "name": "Windows 10", "architecture": "amd64", "version": "10.0"}, "platform": "Java/Oracle Corporation/17.0.5+9-LTS-191"} created with settings MongoClientSettings{readPreference=primary, writeConcern=WriteConcern{w=null, wTimeout=null ms, journal=null}, retryWrites=true, retryReads=true, readConcern=ReadConcern{level=null}, credential=null, streamFactoryFactory=null, commandListeners=[io.micrometer.core.instrument.binder.mongodb.MongoMetricsCommandListener@800d065], codecRegistry=ProvidersCodecRegistry{codecProviders=[ValueCodecProvider{}, BsonValueCodecProvider{}, DBRefCodecProvider{}, DBObjectCodecProvider{}, DocumentCodecProvider{}, CollectionCodecProvider{}, IterableCodecProvider{}, MapCodecProvider{}, GeoJsonCodecProvider{}, GridFSFileCodecProvider{}, Jsr310CodecProvider{}, JsonObjectCodecProvider{}, BsonCodecProvider{}, EnumCodecProvider{}, com.mongodb.Jep395RecordCodecProvider@2bb62414]}, clusterSettings={hosts=[localhost:27017], srvServiceName=mongodb, mode=SINGLE, requiredClusterType=UNKNOWN, requiredReplicaSetName='null', serverSelector='null', clusterListeners='[]', serverSelectionTimeout='30000 ms', localThreshold='30000 ms'}, socketSettings=SocketSettings{connectTimeoutMS=10000, readTimeoutMS=0, receiveBufferSize=0, sendBufferSize=0}, heartbeatSocketSettings=SocketSettings{connectTimeoutMS=10000, readTimeoutMS=10000, receiveBufferSize=0, sendBufferSize=0}, connectionPoolSettings=ConnectionPoolSettings{maxSize=100, minSize=0, maxWaitTimeMS=120000, maxConnectionLifeTimeMS=0, maxConnectionIdleTimeMS=0, maintenanceInitialDelayMS=0, maintenanceFrequencyMS=60000, connectionPoolListeners=[io.micrometer.core.instrument.binder.mongodb.MongoMetricsConnectionPoolListener@575cabf0], maxConnecting=2}, serverSettings=ServerSettings{heartbeatFrequencyMS=10000, minHeartbeatFrequencyMS=500, serverListeners='[]', serverMonitorListeners='[]'}, sslSettings=SslSettings{enabled=false, invalidHostNameAllowed=false, context=null}, applicationName='null', compressorList=[], uuidRepresentation=JAVA_LEGACY, serverApi=null, autoEncryptionSettings=null, contextProvider=null}
2023-04-22T18:23:52.050-05:00  INFO 11288 --- [cluster-ClusterId{value='64446c87f239ac5feccdb078', description='null'}-localhost:27017] org.mongodb.driver.cluster               : Monitor thread successfully connected to server with description ServerDescription{address=localhost:27017, type=STANDALONE, state=CONNECTED, ok=true, minWireVersion=0, maxWireVersion=13, maxDocumentSize=16777216, logicalSessionTimeoutMinutes=30, roundTripTimeNanos=24898700}
2023-04-22T18:23:52.759-05:00  INFO 11288 --- [main] o.s.b.a.e.web.EndpointLinksResolver      : Exposing 1 endpoint(s) beneath base path '/actuator'
2023-04-22T18:23:52.815-05:00  INFO 11288 --- [main] o.s.b.w.embedded.tomcat.TomcatWebServer  : Tomcat started on port(s): 8080 (http) with context path ''
2023-04-22T18:23:52.830-05:00  INFO 11288 --- [main] com.example.REST.RestApplication         : Started RestApplication in 3.496 seconds (process running for 4.113)
2023-04-22T18:23:52.837-05:00  WARN 11288 --- [main] c.example.REST.Services.LoggerService    : A debug message
2023-04-22T18:23:52.837-05:00  INFO 11288 --- [main] c.example.REST.Services.LoggerService    : This is just info log
2023-04-22T18:23:53.093-05:00  INFO 11288 --- [RMI TCP Connection(3)-172.19.143.109] o.a.c.c.C.[Tomcat].[localhost].[/]       : Initializing Spring DispatcherServlet 'dispatcherServlet'
2023-04-22T18:23:53.094-05:00  INFO 11288 --- [RMI TCP Connection(3)-172.19.143.109] o.s.web.servlet.DispatcherServlet        : Initializing Servlet 'dispatcherServlet'
2023-04-22T18:23:53.095-05:00  INFO 11288 --- [RMI TCP Connection(3)-172.19.143.109] o.s.web.servlet.DispatcherServlet        : Completed initialization in 1 ms
2023-04-22T18:31:30.702-05:00  INFO 15972 --- [main] com.example.REST.RestApplication         : Starting RestApplication using Java 17.0.5 with PID 15972 (D:\Projects\Personal Projects\REST-Spring-Boot\target\classes started by DELL in D:\Projects\Personal Projects\REST-Spring-Boot)
2023-04-22T18:31:30.706-05:00  INFO 15972 --- [main] com.example.REST.RestApplication         : No active profile set, falling back to 1 default profile: "default"
2023-04-22T18:31:31.514-05:00  INFO 15972 --- [main] .s.d.r.c.RepositoryConfigurationDelegate : Bootstrapping Spring Data MongoDB repositories in DEFAULT mode.
2023-04-22T18:31:31.587-05:00  INFO 15972 --- [main] .s.d.r.c.RepositoryConfigurationDelegate : Finished Spring Data repository scanning in 67 ms. Found 1 MongoDB repository interfaces.
2023-04-22T18:31:32.045-05:00  INFO 15972 --- [main] o.s.b.w.embedded.tomcat.TomcatWebServer  : Tomcat initialized with port(s): 8080 (http)
2023-04-22T18:31:32.055-05:00  INFO 15972 --- [main] o.apache.catalina.core.StandardService   : Starting service [Tomcat]
2023-04-22T18:31:32.056-05:00  INFO 15972 --- [main] o.apache.catalina.core.StandardEngine    : Starting Servlet engine: [Apache Tomcat/10.1.8]
2023-04-22T18:31:32.144-05:00  INFO 15972 --- [main] o.a.c.c.C.[Tomcat].[localhost].[/]       : Initializing Spring embedded WebApplicationContext
2023-04-22T18:31:32.145-05:00  INFO 15972 --- [main] w.s.c.ServletWebServerApplicationContext : Root WebApplicationContext: initialization completed in 1383 ms
2023-04-22T18:31:32.424-05:00  INFO 15972 --- [main] org.mongodb.driver.client                : MongoClient with metadata {"driver": {"name": "mongo-java-driver|sync|spring-boot", "version": "4.8.2"}, "os": {"type": "Windows", "name": "Windows 10", "architecture": "amd64", "version": "10.0"}, "platform": "Java/Oracle Corporation/17.0.5+9-LTS-191"} created with settings MongoClientSettings{readPreference=primary, writeConcern=WriteConcern{w=null, wTimeout=null ms, journal=null}, retryWrites=true, retryReads=true, readConcern=ReadConcern{level=null}, credential=null, streamFactoryFactory=null, commandListeners=[io.micrometer.core.instrument.binder.mongodb.MongoMetricsCommandListener@2ac519dc], codecRegistry=ProvidersCodecRegistry{codecProviders=[ValueCodecProvider{}, BsonValueCodecProvider{}, DBRefCodecProvider{}, DBObjectCodecProvider{}, DocumentCodecProvider{}, CollectionCodecProvider{}, IterableCodecProvider{}, MapCodecProvider{}, GeoJsonCodecProvider{}, GridFSFileCodecProvider{}, Jsr310CodecProvider{}, JsonObjectCodecProvider{}, BsonCodecProvider{}, EnumCodecProvider{}, com.mongodb.Jep395RecordCodecProvider@37c5284a]}, clusterSettings={hosts=[localhost:27017], srvServiceName=mongodb, mode=SINGLE, requiredClusterType=UNKNOWN, requiredReplicaSetName='null', serverSelector='null', clusterListeners='[]', serverSelectionTimeout='30000 ms', localThreshold='30000 ms'}, socketSettings=SocketSettings{connectTimeoutMS=10000, readTimeoutMS=0, receiveBufferSize=0, sendBufferSize=0}, heartbeatSocketSettings=SocketSettings{connectTimeoutMS=10000, readTimeoutMS=10000, receiveBufferSize=0, sendBufferSize=0}, connectionPoolSettings=ConnectionPoolSettings{maxSize=100, minSize=0, maxWaitTimeMS=120000, maxConnectionLifeTimeMS=0, maxConnectionIdleTimeMS=0, maintenanceInitialDelayMS=0, maintenanceFrequencyMS=60000, connectionPoolListeners=[io.micrometer.core.instrument.binder.mongodb.MongoMetricsConnectionPoolListener@588545ac], maxConnecting=2}, serverSettings=ServerSettings{heartbeatFrequencyMS=10000, minHeartbeatFrequencyMS=500, serverListeners='[]', serverMonitorListeners='[]'}, sslSettings=SslSettings{enabled=false, invalidHostNameAllowed=false, context=null}, applicationName='null', compressorList=[], uuidRepresentation=JAVA_LEGACY, serverApi=null, autoEncryptionSettings=null, contextProvider=null}
2023-04-22T18:31:32.437-05:00  INFO 15972 --- [cluster-ClusterId{value='64446e5437774c665e09e0b8', description='null'}-localhost:27017] org.mongodb.driver.cluster               : Monitor thread successfully connected to server with description ServerDescription{address=localhost:27017, type=STANDALONE, state=CONNECTED, ok=true, minWireVersion=0, maxWireVersion=13, maxDocumentSize=16777216, logicalSessionTimeoutMinutes=30, roundTripTimeNanos=24738800}
2023-04-22T18:31:33.107-05:00  INFO 15972 --- [main] o.s.b.a.e.web.EndpointLinksResolver      : Exposing 14 endpoint(s) beneath base path '/actuator'
2023-04-22T18:31:33.165-05:00  INFO 15972 --- [main] o.s.b.w.embedded.tomcat.TomcatWebServer  : Tomcat started on port(s): 8080 (http) with context path ''
2023-04-22T18:31:33.180-05:00  INFO 15972 --- [main] com.example.REST.RestApplication         : Started RestApplication in 2.969 seconds (process running for 3.567)
2023-04-22T18:31:33.187-05:00  WARN 15972 --- [main] c.example.REST.Services.LoggerService    : A debug message
2023-04-22T18:31:33.187-05:00  INFO 15972 --- [main] c.example.REST.Services.LoggerService    : This is just info log
2023-04-22T18:31:33.373-05:00  INFO 15972 --- [RMI TCP Connection(1)-172.19.143.109] o.a.c.c.C.[Tomcat].[localhost].[/]       : Initializing Spring DispatcherServlet 'dispatcherServlet'
2023-04-22T18:31:33.374-05:00  INFO 15972 --- [RMI TCP Connection(1)-172.19.143.109] o.s.web.servlet.DispatcherServlet        : Initializing Servlet 'dispatcherServlet'
2023-04-22T18:31:33.376-05:00  INFO 15972 --- [RMI TCP Connection(1)-172.19.143.109] o.s.web.servlet.DispatcherServlet        : Completed initialization in 1 ms
2023-04-22T18:33:47.599-05:00  INFO 10736 --- [main] com.example.REST.RestApplication         : Starting RestApplication using Java 17.0.5 with PID 10736 (D:\Projects\Personal Projects\REST-Spring-Boot\target\classes started by DELL in D:\Projects\Personal Projects\REST-Spring-Boot)
2023-04-22T18:33:47.602-05:00  INFO 10736 --- [main] com.example.REST.RestApplication         : No active profile set, falling back to 1 default profile: "default"
2023-04-22T18:33:48.417-05:00  INFO 10736 --- [main] .s.d.r.c.RepositoryConfigurationDelegate : Bootstrapping Spring Data MongoDB repositories in DEFAULT mode.
2023-04-22T18:33:48.475-05:00  INFO 10736 --- [main] .s.d.r.c.RepositoryConfigurationDelegate : Finished Spring Data repository scanning in 54 ms. Found 1 MongoDB repository interfaces.
2023-04-22T18:33:48.875-05:00  INFO 10736 --- [main] o.s.b.w.embedded.tomcat.TomcatWebServer  : Tomcat initialized with port(s): 8080 (http)
2023-04-22T18:33:48.884-05:00  INFO 10736 --- [main] o.apache.catalina.core.StandardService   : Starting service [Tomcat]
2023-04-22T18:33:48.884-05:00  INFO 10736 --- [main] o.apache.catalina.core.StandardEngine    : Starting Servlet engine: [Apache Tomcat/10.1.8]
2023-04-22T18:33:48.965-05:00  INFO 10736 --- [main] o.a.c.c.C.[Tomcat].[localhost].[/]       : Initializing Spring embedded WebApplicationContext
2023-04-22T18:33:48.966-05:00  INFO 10736 --- [main] w.s.c.ServletWebServerApplicationContext : Root WebApplicationContext: initialization completed in 1295 ms
2023-04-22T18:33:49.259-05:00  INFO 10736 --- [main] org.mongodb.driver.client                : MongoClient with metadata {"driver": {"name": "mongo-java-driver|sync|spring-boot", "version": "4.8.2"}, "os": {"type": "Windows", "name": "Windows 10", "architecture": "amd64", "version": "10.0"}, "platform": "Java/Oracle Corporation/17.0.5+9-LTS-191"} created with settings MongoClientSettings{readPreference=primary, writeConcern=WriteConcern{w=null, wTimeout=null ms, journal=null}, retryWrites=true, retryReads=true, readConcern=ReadConcern{level=null}, credential=null, streamFactoryFactory=null, commandListeners=[io.micrometer.core.instrument.binder.mongodb.MongoMetricsCommandListener@11381415], codecRegistry=ProvidersCodecRegistry{codecProviders=[ValueCodecProvider{}, BsonValueCodecProvider{}, DBRefCodecProvider{}, DBObjectCodecProvider{}, DocumentCodecProvider{}, CollectionCodecProvider{}, IterableCodecProvider{}, MapCodecProvider{}, GeoJsonCodecProvider{}, GridFSFileCodecProvider{}, Jsr310CodecProvider{}, JsonObjectCodecProvider{}, BsonCodecProvider{}, EnumCodecProvider{}, com.mongodb.Jep395RecordCodecProvider@15c6027d]}, clusterSettings={hosts=[localhost:27017], srvServiceName=mongodb, mode=SINGLE, requiredClusterType=UNKNOWN, requiredReplicaSetName='null', serverSelector='null', clusterListeners='[]', serverSelectionTimeout='30000 ms', localThreshold='30000 ms'}, socketSettings=SocketSettings{connectTimeoutMS=10000, readTimeoutMS=0, receiveBufferSize=0, sendBufferSize=0}, heartbeatSocketSettings=SocketSettings{connectTimeoutMS=10000, readTimeoutMS=10000, receiveBufferSize=0, sendBufferSize=0}, connectionPoolSettings=ConnectionPoolSettings{maxSize=100, minSize=0, maxWaitTimeMS=120000, maxConnectionLifeTimeMS=0, maxConnectionIdleTimeMS=0, maintenanceInitialDelayMS=0, maintenanceFrequencyMS=60000, connectionPoolListeners=[io.micrometer.core.instrument.binder.mongodb.MongoMetricsConnectionPoolListener@384fda47], maxConnecting=2}, serverSettings=ServerSettings{heartbeatFrequencyMS=10000, minHeartbeatFrequencyMS=500, serverListeners='[]', serverMonitorListeners='[]'}, sslSettings=SslSettings{enabled=false, invalidHostNameAllowed=false, context=null}, applicationName='null', compressorList=[], uuidRepresentation=JAVA_LEGACY, serverApi=null, autoEncryptionSettings=null, contextProvider=null}
2023-04-22T18:33:49.272-05:00  INFO 10736 --- [cluster-ClusterId{value='64446edd2352ae28140abd3a', description='null'}-localhost:27017] org.mongodb.driver.cluster               : Monitor thread successfully connected to server with description ServerDescription{address=localhost:27017, type=STANDALONE, state=CONNECTED, ok=true, minWireVersion=0, maxWireVersion=13, maxDocumentSize=16777216, logicalSessionTimeoutMinutes=30, roundTripTimeNanos=28530900}
2023-04-22T18:33:49.959-05:00  INFO 10736 --- [main] o.s.b.a.e.web.EndpointLinksResolver      : Exposing 14 endpoint(s) beneath base path '/actuator'
2023-04-22T18:33:50.020-05:00  INFO 10736 --- [main] o.s.b.w.embedded.tomcat.TomcatWebServer  : Tomcat started on port(s): 8080 (http) with context path ''
2023-04-22T18:33:50.036-05:00  INFO 10736 --- [main] com.example.REST.RestApplication         : Started RestApplication in 2.878 seconds (process running for 3.494)
2023-04-22T18:33:50.042-05:00  WARN 10736 --- [main] c.example.REST.Services.LoggerService    : A debug message
2023-04-22T18:33:50.042-05:00  INFO 10736 --- [main] c.example.REST.Services.LoggerService    : This is just info log
2023-04-22T18:33:50.368-05:00  INFO 10736 --- [RMI TCP Connection(2)-172.19.143.109] o.a.c.c.C.[Tomcat].[localhost].[/]       : Initializing Spring DispatcherServlet 'dispatcherServlet'
2023-04-22T18:33:50.368-05:00  INFO 10736 --- [RMI TCP Connection(2)-172.19.143.109] o.s.web.servlet.DispatcherServlet        : Initializing Servlet 'dispatcherServlet'
2023-04-22T18:33:50.370-05:00  INFO 10736 --- [RMI TCP Connection(2)-172.19.143.109] o.s.web.servlet.DispatcherServlet        : Completed initialization in 1 ms
2023-04-22T18:34:46.152-05:00  WARN 10736 --- [http-nio-8080-exec-5] .w.s.m.s.DefaultHandlerExceptionResolver : Resolved [org.springframework.web.HttpRequestMethodNotSupportedException: Request method 'POST' is not supported]
2023-04-22T18:35:07.501-05:00  WARN 10736 --- [http-nio-8080-exec-6] .w.s.m.s.DefaultHandlerExceptionResolver : Resolved [org.springframework.web.HttpRequestMethodNotSupportedException: Request method 'POST' is not supported]
2023-04-22T18:35:35.485-05:00  WARN 10736 --- [http-nio-8080-exec-4] .w.s.m.s.DefaultHandlerExceptionResolver : Resolved [org.springframework.web.HttpRequestMethodNotSupportedException: Request method 'POST' is not supported]
2023-04-22T18:35:39.684-05:00  WARN 10736 --- [http-nio-8080-exec-9] .w.s.m.s.DefaultHandlerExceptionResolver : Resolved [org.springframework.web.HttpRequestMethodNotSupportedException: Request method 'POST' is not supported]
2023-04-22T18:58:16.152-05:00  INFO 22112 --- [main] com.example.REST.RestApplication         : Starting RestApplication using Java 17.0.5 with PID 22112 (D:\Projects\Personal Projects\REST-Spring-Boot\target\classes started by DELL in D:\Projects\Personal Projects\REST-Spring-Boot)
2023-04-22T18:58:16.156-05:00  INFO 22112 --- [main] com.example.REST.RestApplication         : No active profile set, falling back to 1 default profile: "default"
2023-04-22T18:58:16.979-05:00  INFO 22112 --- [main] .s.d.r.c.RepositoryConfigurationDelegate : Bootstrapping Spring Data MongoDB repositories in DEFAULT mode.
2023-04-22T18:58:17.037-05:00  INFO 22112 --- [main] .s.d.r.c.RepositoryConfigurationDelegate : Finished Spring Data repository scanning in 53 ms. Found 1 MongoDB repository interfaces.
2023-04-22T18:58:17.487-05:00  INFO 22112 --- [main] o.s.b.w.embedded.tomcat.TomcatWebServer  : Tomcat initialized with port(s): 8080 (http)
2023-04-22T18:58:17.496-05:00  INFO 22112 --- [main] o.apache.catalina.core.StandardService   : Starting service [Tomcat]
2023-04-22T18:58:17.497-05:00  INFO 22112 --- [main] o.apache.catalina.core.StandardEngine    : Starting Servlet engine: [Apache Tomcat/10.1.8]
2023-04-22T18:58:17.610-05:00  INFO 22112 --- [main] o.a.c.c.C.[Tomcat].[localhost].[/]       : Initializing Spring embedded WebApplicationContext
2023-04-22T18:58:17.610-05:00  INFO 22112 --- [main] w.s.c.ServletWebServerApplicationContext : Root WebApplicationContext: initialization completed in 1382 ms
2023-04-22T18:58:17.917-05:00  INFO 22112 --- [main] org.mongodb.driver.client                : MongoClient with metadata {"driver": {"name": "mongo-java-driver|sync|spring-boot", "version": "4.8.2"}, "os": {"type": "Windows", "name": "Windows 10", "architecture": "amd64", "version": "10.0"}, "platform": "Java/Oracle Corporation/17.0.5+9-LTS-191"} created with settings MongoClientSettings{readPreference=primary, writeConcern=WriteConcern{w=null, wTimeout=null ms, journal=null}, retryWrites=true, retryReads=true, readConcern=ReadConcern{level=null}, credential=null, streamFactoryFactory=null, commandListeners=[io.micrometer.core.instrument.binder.mongodb.MongoMetricsCommandListener@6048e26a], codecRegistry=ProvidersCodecRegistry{codecProviders=[ValueCodecProvider{}, BsonValueCodecProvider{}, DBRefCodecProvider{}, DBObjectCodecProvider{}, DocumentCodecProvider{}, CollectionCodecProvider{}, IterableCodecProvider{}, MapCodecProvider{}, GeoJsonCodecProvider{}, GridFSFileCodecProvider{}, Jsr310CodecProvider{}, JsonObjectCodecProvider{}, BsonCodecProvider{}, EnumCodecProvider{}, com.mongodb.Jep395RecordCodecProvider@2abafa97]}, clusterSettings={hosts=[localhost:27017], srvServiceName=mongodb, mode=SINGLE, requiredClusterType=UNKNOWN, requiredReplicaSetName='null', serverSelector='null', clusterListeners='[]', serverSelectionTimeout='30000 ms', localThreshold='30000 ms'}, socketSettings=SocketSettings{connectTimeoutMS=10000, readTimeoutMS=0, receiveBufferSize=0, sendBufferSize=0}, heartbeatSocketSettings=SocketSettings{connectTimeoutMS=10000, readTimeoutMS=10000, receiveBufferSize=0, sendBufferSize=0}, connectionPoolSettings=ConnectionPoolSettings{maxSize=100, minSize=0, maxWaitTimeMS=120000, maxConnectionLifeTimeMS=0, maxConnectionIdleTimeMS=0, maintenanceInitialDelayMS=0, maintenanceFrequencyMS=60000, connectionPoolListeners=[io.micrometer.core.instrument.binder.mongodb.MongoMetricsConnectionPoolListener@3e546734], maxConnecting=2}, serverSettings=ServerSettings{heartbeatFrequencyMS=10000, minHeartbeatFrequencyMS=500, serverListeners='[]', serverMonitorListeners='[]'}, sslSettings=SslSettings{enabled=false, invalidHostNameAllowed=false, context=null}, applicationName='null', compressorList=[], uuidRepresentation=JAVA_LEGACY, serverApi=null, autoEncryptionSettings=null, contextProvider=null}
2023-04-22T18:58:17.929-05:00  INFO 22112 --- [cluster-ClusterId{value='64447499222b4158a8742c8a', description='null'}-localhost:27017] org.mongodb.driver.cluster               : Monitor thread successfully connected to server with description ServerDescription{address=localhost:27017, type=STANDALONE, state=CONNECTED, ok=true, minWireVersion=0, maxWireVersion=13, maxDocumentSize=16777216, logicalSessionTimeoutMinutes=30, roundTripTimeNanos=25766700}
2023-04-22T18:58:18.704-05:00  INFO 22112 --- [main] o.s.b.a.e.web.EndpointLinksResolver      : Exposing 15 endpoint(s) beneath base path '/actuator'
2023-04-22T18:58:18.771-05:00  INFO 22112 --- [main] o.s.b.w.embedded.tomcat.TomcatWebServer  : Tomcat started on port(s): 8080 (http) with context path ''
2023-04-22T18:58:18.786-05:00  INFO 22112 --- [main] com.example.REST.RestApplication         : Started RestApplication in 3.103 seconds (process running for 3.884)
2023-04-22T18:58:18.794-05:00  WARN 22112 --- [main] c.example.REST.Services.LoggerService    : A debug message
2023-04-22T18:58:18.794-05:00  INFO 22112 --- [main] c.example.REST.Services.LoggerService    : This is just info log
2023-04-22T18:58:19.163-05:00  INFO 22112 --- [RMI TCP Connection(3)-172.19.143.109] o.a.c.c.C.[Tomcat].[localhost].[/]       : Initializing Spring DispatcherServlet 'dispatcherServlet'
2023-04-22T18:58:19.163-05:00  INFO 22112 --- [RMI TCP Connection(3)-172.19.143.109] o.s.web.servlet.DispatcherServlet        : Initializing Servlet 'dispatcherServlet'
2023-04-22T18:58:19.165-05:00  INFO 22112 --- [RMI TCP Connection(3)-172.19.143.109] o.s.web.servlet.DispatcherServlet        : Completed initialization in 2 ms
